This is pdfTeX, Version 3.141592653-2.6-1.40.28 (TeX Live 2025) (preloaded format=pdflatex 2025.10.14)  27 DEC 2025 17:45
entering extended mode
 restricted \write18 enabled.
 file:line:error style messages enabled.
 %&-line parsing enabled.
**/Users/oosugakaito/program/2025/webp/webp_report/report/wpro2025.tex
(/Users/oosugakaito/program/2025/webp/webp_report/report/wpro2025.tex
LaTeX2e <2025-06-01> patch level 1
L3 programming layer <2025-09-02>
(/usr/local/texlive/2025/texmf-dist/tex/platex/jsclasses/jsarticle.cls

/usr/local/texlive/2025/texmf-dist/tex/platex/jsclasses/jsarticle.cls:14: LaTeX Error: This file needs format `pLaTeX2e'
               but this is `LaTeX2e'.

See the LaTeX manual or LaTeX Companion for explanation.
Type  H <return>  for immediate help.
 ...                                              
                                                  
l.14 \NeedsTeXFormat{pLaTeX2e}
                              
The current input file will not be processed further,
because it was written for some other flavor of TeX.
You're in trouble here.  Try typing  <return>  to proceed.
If that doesn't work, type  X <return>  to quit.

) (/usr/local/texlive/2025/texmf-dist/tex/latex/amsmath/amsmath.sty
Package: amsmath 2025/06/16 v2.17y AMS math features
\@mathmargin=\skip49

For additional information on amsmath, use the `?' option.
(/usr/local/texlive/2025/texmf-dist/tex/latex/amsmath/amstext.sty
Package: amstext 2024/11/17 v2.01 AMS text
 (/usr/local/texlive/2025/texmf-dist/tex/latex/amsmath/amsgen.sty
File: amsgen.sty 1999/11/30 v2.0 generic functions
\@emptytoks=\toks17
\ex@=\dimen148
)) (/usr/local/texlive/2025/texmf-dist/tex/latex/amsmath/amsbsy.sty
Package: amsbsy 1999/11/29 v1.2d Bold Symbols
\pmbraise@=\dimen149
) (/usr/local/texlive/2025/texmf-dist/tex/latex/amsmath/amsopn.sty
Package: amsopn 2022/04/08 v2.04 operator names
)
\inf@bad=\count275
LaTeX Info: Redefining \frac on input line 233.
\uproot@=\count276
\leftroot@=\count277
LaTeX Info: Redefining \overline on input line 398.
LaTeX Info: Redefining \colon on input line 409.
\classnum@=\count278
\DOTSCASE@=\count279
LaTeX Info: Redefining \ldots on input line 495.
LaTeX Info: Redefining \dots on input line 498.
LaTeX Info: Redefining \cdots on input line 619.
\Mathstrutbox@=\box53
\strutbox@=\box54
LaTeX Info: Redefining \big on input line 721.
LaTeX Info: Redefining \Big on input line 722.
LaTeX Info: Redefining \bigg on input line 723.
LaTeX Info: Redefining \Bigg on input line 724.
\big@size=\dimen150
LaTeX Font Info:    Redeclaring font encoding OML on input line 742.
LaTeX Font Info:    Redeclaring font encoding OMS on input line 743.
\macc@depth=\count280
LaTeX Info: Redefining \bmod on input line 904.
LaTeX Info: Redefining \pmod on input line 909.
LaTeX Info: Redefining \smash on input line 939.
LaTeX Info: Redefining \relbar on input line 969.
LaTeX Info: Redefining \Relbar on input line 970.
\c@MaxMatrixCols=\count281
\dotsspace@=\muskip17
\c@parentequation=\count282
\dspbrk@lvl=\count283
\tag@help=\toks18
\row@=\count284
\column@=\count285
\maxfields@=\count286
\andhelp@=\toks19
\eqnshift@=\dimen151
\alignsep@=\dimen152
\tagshift@=\dimen153
\tagwidth@=\dimen154
\totwidth@=\dimen155
\lineht@=\dimen156
\@envbody=\toks20
\multlinegap=\skip50
\multlinetaggap=\skip51
\mathdisplay@stack=\toks21
LaTeX Info: Redefining \[ on input line 2949.
LaTeX Info: Redefining \] on input line 2950.
) (/usr/local/texlive/2025/texmf-dist/tex/latex/graphics/graphicx.sty
Package: graphicx 2024/12/31 v1.2e Enhanced LaTeX Graphics (DPC,SPQR)
 (/usr/local/texlive/2025/texmf-dist/tex/latex/graphics/keyval.sty
Package: keyval 2022/05/29 v1.15 key=value parser (DPC)
\KV@toks@=\toks22
) (/usr/local/texlive/2025/texmf-dist/tex/latex/graphics/graphics.sty
Package: graphics 2024/08/06 v1.4g Standard LaTeX Graphics (DPC,SPQR)
 (/usr/local/texlive/2025/texmf-dist/tex/latex/graphics/trig.sty
Package: trig 2023/12/02 v1.11 sin cos tan (DPC)
) (/usr/local/texlive/2025/texmf-dist/tex/latex/graphics-cfg/graphics.cfg
File: graphics.cfg 2016/06/04 v1.11 sample graphics configuration
)
Package graphics Info: Driver file: dvipdfmx.def on input line 106.
 (/usr/local/texlive/2025/texmf-dist/tex/latex/graphics-def/dvipdfmx.def
File: dvipdfmx.def 2025/09/29 v5.0n Graphics/color driver for dvipdfmx
))
\Gin@req@height=\dimen157
\Gin@req@width=\dimen158
) (/usr/local/texlive/2025/texmf-dist/tex/latex/float/float.sty
Package: float 2001/11/08 v1.3d Float enhancements (AL)
\c@float@type=\count287
\float@exts=\toks23
\float@box=\box55
\@float@everytoks=\toks24
\@floatcapt=\box56
) (/usr/local/texlive/2025/texmf-dist/tex/latex/moreverb/moreverb.sty
Package: moreverb 2008/06/03 v2.3a `more' verbatim facilities
 (/usr/local/texlive/2025/texmf-dist/tex/latex/tools/verbatim.sty
Package: verbatim 2024-01-22 v1.5x LaTeX2e package for verbatim enhancements
\every@verbatim=\toks25
\verbatim@line=\toks26
\verbatim@in@stream=\read2
)
\tab@position=\count288
\tab@size=\count289
\listing@line=\count290
) (/usr/local/texlive/2025/texmf-dist/tex/latex/graphics/lscape.sty
Package: lscape 2020/05/28 v3.02 Landscape Pages (DPC)
) (/usr/local/texlive/2025/texmf-dist/tex/latex/base/inputenc.sty
Package: inputenc 2024/02/08 v1.3d Input encoding file
\inpenc@prehook=\toks27
\inpenc@posthook=\toks28
)
   defining Unicode char U+001B (decimal 27)
 (/usr/local/texlive/2025/texmf-dist/tex/latex/url/url.sty
\Urlmuskip=\muskip18
Package: url 2013/09/16  ver 3.4  Verb mode for urls, etc.
) (/usr/local/texlive/2025/texmf-dist/tex/latex/xcolor/xcolor.sty
Package: xcolor 2024/09/29 v3.02 LaTeX color extensions (UK)
 (/usr/local/texlive/2025/texmf-dist/tex/latex/graphics-cfg/color.cfg
File: color.cfg 2016/01/02 v1.6 sample color configuration
)
Package xcolor Info: Driver file: pdftex.def on input line 274.
 (/usr/local/texlive/2025/texmf-dist/tex/latex/graphics-def/pdftex.def
File: pdftex.def 2025/09/29 v1.2d Graphics/color driver for pdftex
) (/usr/local/texlive/2025/texmf-dist/tex/latex/graphics/mathcolor.ltx)
Package xcolor Info: Model `cmy' substituted by `cmy0' on input line 1349.
Package xcolor Info: Model `RGB' extended on input line 1365.
Package xcolor Info: Model `HTML' substituted by `rgb' on input line 1367.
Package xcolor Info: Model `Hsb' substituted by `hsb' on input line 1368.
Package xcolor Info: Model `tHsb' substituted by `hsb' on input line 1369.
Package xcolor Info: Model `HSB' substituted by `hsb' on input line 1370.
Package xcolor Info: Model `Gray' substituted by `gray' on input line 1371.
Package xcolor Info: Model `wave' substituted by `hsb' on input line 1372.
) (/usr/local/texlive/2025/texmf-dist/tex/latex/ascmac/ascmac.sty
Package: ascmac 2020/01/15 v2.1 ascmac wrapper (community edition) 
 (/usr/local/texlive/2025/texmf-dist/tex/latex/ascmac/tascmac.sty
Package: tascmac 2020/01/15 v2.1 ascmac package (community edition) 
Package tascmac Info: Assuming pdfLaTeX, XeLaTeX or LuaLaTeX on input line 44.
\scb@x=\box57
\scscb@x=\box58
\@bw=\dimen159
\@nbox=\box59
\@nbody=\box60
\@scw=\dimen160
\ascmac@hoboxa=\box61
\ascmac@hoboxb=\box62
\@itemh=\dimen161
\@iboxpos=\toks29
\@iboxstr=\box63
\@bwsp=\box64
\@@bwsp=\box65
\@bcal=\count291
\shaderule=\dimen162
)) (/usr/local/texlive/2025/texmf-dist/tex/latex/amsfonts/amssymb.sty
Package: amssymb 2013/01/14 v3.01 AMS font symbols
 (/usr/local/texlive/2025/texmf-dist/tex/latex/amsfonts/amsfonts.sty
Package: amsfonts 2013/01/14 v3.01 Basic AMSFonts support
\symAMSa=\mathgroup4
\symAMSb=\mathgroup5
LaTeX Font Info:    Redeclaring math symbol \hbar on input line 98.
LaTeX Font Info:    Overwriting math alphabet `\mathfrak' in version `bold'
(Font)                  U/euf/m/n --> U/euf/b/n on input line 106.
)) (/usr/local/texlive/2025/texmf-dist/tex/platex/base/plext.sty

/usr/local/texlive/2025/texmf-dist/tex/platex/base/plext.sty:16: LaTeX Error: This file needs format `pLaTeX2e'
               but this is `LaTeX2e'.

See the LaTeX manual or LaTeX Companion for explanation.
Type  H <return>  for immediate help.
 ...                                              
                                                  
l.16 \NeedsTeXFormat{pLaTeX2e}
                              
The current input file will not be processed further,
because it was written for some other flavor of TeX.
You're in trouble here.  Try typing  <return>  to proceed.
If that doesn't work, type  X <return>  to quit.

) (/usr/local/texlive/2025/texmf-dist/tex/latex/listings/listings.sty
\lst@mode=\count292
\lst@gtempboxa=\box66
\lst@token=\toks30
\lst@length=\count293
\lst@currlwidth=\dimen163
\lst@column=\count294
\lst@pos=\count295
\lst@lostspace=\dimen164
\lst@width=\dimen165
\lst@newlines=\count296
\lst@lineno=\count297
\abovecaptionskip=\skip52
\belowcaptionskip=\skip53
\lst@maxwidth=\dimen166
 (/usr/local/texlive/2025/texmf-dist/tex/latex/listings/lstpatch.sty
File: lstpatch.sty 2024/09/23 1.10c (Carsten Heinz)
) (/usr/local/texlive/2025/texmf-dist/tex/latex/listings/lstmisc.sty
File: lstmisc.sty 2024/09/23 1.10c (Carsten Heinz)
\c@lstnumber=\count298
\lst@skipnumbers=\count299
\lst@framebox=\box67
) (/usr/local/texlive/2025/texmf-dist/tex/latex/listings/listings.cfg
File: listings.cfg 2024/09/23 1.10c listings configuration
))
Package: listings 2024/09/23 1.10c (Carsten Heinz)
 (/usr/local/texlive/2025/texmf-dist/tex/latex/l3backend/l3backend-pdftex.def
File: l3backend-pdftex.def 2025-06-09 L3 backend support: PDF output (pdfTeX)
\l__color_backend_stack_int=\count300
)
No file wpro2025.aux.
\openout1 = `wpro2025.aux'.

LaTeX Font Info:    Checking defaults for OML/cmm/m/it on input line 34.
LaTeX Font Info:    ... okay on input line 34.
LaTeX Font Info:    Checking defaults for OMS/cmsy/m/n on input line 34.
LaTeX Font Info:    ... okay on input line 34.
LaTeX Font Info:    Checking defaults for OT1/cmr/m/n on input line 34.
LaTeX Font Info:    ... okay on input line 34.
LaTeX Font Info:    Checking defaults for T1/cmr/m/n on input line 34.
LaTeX Font Info:    ... okay on input line 34.
LaTeX Font Info:    Checking defaults for TS1/cmr/m/n on input line 34.
LaTeX Font Info:    ... okay on input line 34.
LaTeX Font Info:    Checking defaults for OMX/cmex/m/n on input line 34.
LaTeX Font Info:    ... okay on input line 34.
LaTeX Font Info:    Checking defaults for U/cmr/m/n on input line 34.
LaTeX Font Info:    ... okay on input line 34.

/Users/oosugakaito/program/2025/webp/webp_report/report/wpro2025.tex:34: LaTeX Error: The font size command \normalsize is not defined:
               there is probably something wrong with the class file.

See the LaTeX manual or LaTeX Companion for explanation.
Type  H <return>  for immediate help.
 ...                                              
                                                  
l.34 \begin{document}
                     
Your command was ignored.
Type  I <command> <return>  to replace it with another command,
or  <return>  to continue without it.

(/usr/local/texlive/2025/texmf-dist/tex/context/base/mkii/supp-pdf.mkii
[Loading MPS to PDF converter (version 2006.09.02).]
\scratchcounter=\count301
\scratchdimen=\dimen167
\scratchbox=\box68
\nofMPsegments=\count302
\nofMParguments=\count303
\everyMPshowfont=\toks31
\MPscratchCnt=\count304
\MPscratchDim=\dimen168
\MPnumerator=\count305
\makeMPintoPDFobject=\count306
\everyMPtoPDFconversion=\toks32
) (/usr/local/texlive/2025/texmf-dist/tex/latex/epstopdf-pkg/epstopdf-base.sty
Package: epstopdf-base 2020-01-24 v2.11 Base part for package epstopdf
Package epstopdf-base Info: Redefining graphics rule for `.eps' on input line 485.
 (/usr/local/texlive/2025/texmf-dist/tex/latex/latexconfig/epstopdf-sys.cfg
File: epstopdf-sys.cfg 2010/07/13 v1.3 Configuration of (r)epstopdf for TeX Live
))
\c@lstlisting=\count307

/Users/oosugakaito/program/2025/webp/webp_report/report/wpro2025.tex:38: Undefined control sequence.
l.38 \maketitle
               
The control sequence at the end of the top line
of your error message was never \def'ed. If you have
misspelled it (e.g., `\hobx'), type `I' and the correct
spelling (e.g., `I\hbox'). Otherwise just continue,
and I'll forget about whatever was undefined.

(./ff.tex
./ff.tex:1: Undefined control sequence.
l.1 \chapter
            {FFã®ãƒ‡ãƒ¼ã‚¿ãƒ™ãƒ¼ã‚¹}
The control sequence at the end of the top line
of your error message was never \def'ed. If you have
misspelled it (e.g., `\hobx'), type `I' and the correct
spelling (e.g., `I\hbox'). Otherwise just continue,
and I'll forget about whatever was undefined.


./ff.tex:1: LaTeX Error: Unicode character ã® (U+306E)
               not set up for use with LaTeX.

See the LaTeX manual or LaTeX Companion for explanation.
Type  H <return>  for immediate help.
 ...                                              
                                                  
l.1 \chapter{FFã®
                  ãƒ‡ãƒ¼ã‚¿ãƒ™ãƒ¼ã‚¹}
You may provide a definition with
\DeclareUnicodeCharacter 


./ff.tex:1: LaTeX Error: Unicode character ãƒ‡ (U+30C7)
               not set up for use with LaTeX.

See the LaTeX manual or LaTeX Companion for explanation.
Type  H <return>  for immediate help.
 ...                                              
                                                  
l.1 \chapter{FFã®ãƒ‡
                     ãƒ¼ã‚¿ãƒ™ãƒ¼ã‚¹}
You may provide a definition with
\DeclareUnicodeCharacter 


./ff.tex:1: LaTeX Error: Unicode character ãƒ¼ (U+30FC)
               not set up for use with LaTeX.

See the LaTeX manual or LaTeX Companion for explanation.
Type  H <return>  for immediate help.
 ...                                              
                                                  
l.1 \chapter{FFã®ãƒ‡ãƒ¼
                        ã‚¿ãƒ™ãƒ¼ã‚¹}
You may provide a definition with
\DeclareUnicodeCharacter 


./ff.tex:1: LaTeX Error: Unicode character ã‚¿ (U+30BF)
               not set up for use with LaTeX.

See the LaTeX manual or LaTeX Companion for explanation.
Type  H <return>  for immediate help.
 ...                                              
                                                  
l.1 \chapter{FFã®ãƒ‡ãƒ¼ã‚¿
                           ãƒ™ãƒ¼ã‚¹}
You may provide a definition with
\DeclareUnicodeCharacter 


./ff.tex:1: LaTeX Error: Unicode character ãƒ™ (U+30D9)
               not set up for use with LaTeX.

See the LaTeX manual or LaTeX Companion for explanation.
Type  H <return>  for immediate help.
 ...                                              
                                                  
l.1 \chapter{FFã®ãƒ‡ãƒ¼ã‚¿ãƒ™
                              ãƒ¼ã‚¹}
You may provide a definition with
\DeclareUnicodeCharacter 


./ff.tex:1: LaTeX Error: Unicode character ãƒ¼ (U+30FC)
               not set up for use with LaTeX.

See the LaTeX manual or LaTeX Companion for explanation.
Type  H <return>  for immediate help.
 ...                                              
                                                  
l.1 \chapter{FFã®ãƒ‡ãƒ¼ã‚¿ãƒ™ãƒ¼
                                 ã‚¹}
You may provide a definition with
\DeclareUnicodeCharacter 


./ff.tex:1: LaTeX Error: Unicode character ã‚¹ (U+30B9)
               not set up for use with LaTeX.

See the LaTeX manual or LaTeX Companion for explanation.
Type  H <return>  for immediate help.
 ...                                              
                                                  
l.1 \chapter{FFã®ãƒ‡ãƒ¼ã‚¿ãƒ™ãƒ¼ã‚¹
                                    }
You may provide a definition with
\DeclareUnicodeCharacter 

./ff.tex:2: Undefined control sequence.
l.2 \section
            {æ¦‚è¦}
The control sequence at the end of the top line
of your error message was never \def'ed. If you have
misspelled it (e.g., `\hobx'), type `I' and the correct
spelling (e.g., `I\hbox'). Otherwise just continue,
and I'll forget about whatever was undefined.


./ff.tex:2: LaTeX Error: Unicode character æ¦‚ (U+6982)
               not set up for use with LaTeX.

See the LaTeX manual or LaTeX Companion for explanation.
Type  H <return>  for immediate help.
 ...                                              
                                                  
l.2 \section{æ¦‚
                è¦}
You may provide a definition with
\DeclareUnicodeCharacter 


./ff.tex:2: LaTeX Error: Unicode character è¦ (U+8981)
               not set up for use with LaTeX.

See the LaTeX manual or LaTeX Companion for explanation.
Type  H <return>  for immediate help.
 ...                                              
                                                  
l.2 \section{æ¦‚è¦
                   }
You may provide a definition with
\DeclareUnicodeCharacter 


./ff.tex:3: LaTeX Error: Unicode character ã“ (U+3053)
               not set up for use with LaTeX.

See the LaTeX manual or LaTeX Companion for explanation.
Type  H <return>  for immediate help.
 ...                                              
                                                  
l.3 ã“
       ã®Webã‚µã‚¤ãƒˆã§ã¯ï¼ŒFinalFantasyã‚·ãƒªãƒ¼ã‚ºã®ã‚¿ã‚¤ãƒˆãƒ«ä¸€è¦§...
You may provide a definition with
\DeclareUnicodeCharacter 


./ff.tex:3: LaTeX Error: Unicode character ã® (U+306E)
               not set up for use with LaTeX.

See the LaTeX manual or LaTeX Companion for explanation.
Type  H <return>  for immediate help.
 ...                                              
                                                  
l.3 ã“ã®
          Webã‚µã‚¤ãƒˆã§ã¯ï¼ŒFinalFantasyã‚·ãƒªãƒ¼ã‚ºã®ã‚¿ã‚¤ãƒˆãƒ«ä¸€è¦§...
You may provide a definition with
\DeclareUnicodeCharacter 


./ff.tex:3: LaTeX Error: Unicode character ã‚µ (U+30B5)
               not set up for use with LaTeX.

See the LaTeX manual or LaTeX Companion for explanation.
Type  H <return>  for immediate help.
 ...                                              
                                                  
l.3 ã“ã®Webã‚µ
                ã‚¤ãƒˆã§ã¯ï¼ŒFinalFantasyã‚·ãƒªãƒ¼ã‚ºã®ã‚¿ã‚¤ãƒˆãƒ«ä¸€è¦§...
You may provide a definition with
\DeclareUnicodeCharacter 


./ff.tex:3: LaTeX Error: Unicode character ã‚¤ (U+30A4)
               not set up for use with LaTeX.

See the LaTeX manual or LaTeX Companion for explanation.
Type  H <return>  for immediate help.
 ...                                              
                                                  
l.3 ã“ã®Webã‚µã‚¤
                   ãƒˆã§ã¯ï¼ŒFinalFantasyã‚·ãƒªãƒ¼ã‚ºã®ã‚¿ã‚¤ãƒˆãƒ«ä¸€è¦§...
You may provide a definition with
\DeclareUnicodeCharacter 


./ff.tex:3: LaTeX Error: Unicode character ãƒˆ (U+30C8)
               not set up for use with LaTeX.

See the LaTeX manual or LaTeX Companion for explanation.
Type  H <return>  for immediate help.
 ...                                              
                                                  
l.3 ã“ã®Webã‚µã‚¤ãƒˆ
                      ã§ã¯ï¼ŒFinalFantasyã‚·ãƒªãƒ¼ã‚ºã®ã‚¿ã‚¤ãƒˆãƒ«ä¸€è¦§...
You may provide a definition with
\DeclareUnicodeCharacter 


./ff.tex:3: LaTeX Error: Unicode character ã§ (U+3067)
               not set up for use with LaTeX.

See the LaTeX manual or LaTeX Companion for explanation.
Type  H <return>  for immediate help.
 ...                                              
                                                  
l.3 ã“ã®Webã‚µã‚¤ãƒˆã§
                         ã¯ï¼ŒFinalFantasyã‚·ãƒªãƒ¼ã‚ºã®ã‚¿ã‚¤ãƒˆãƒ«ä¸€è¦§...
You may provide a definition with
\DeclareUnicodeCharacter 


./ff.tex:3: LaTeX Error: Unicode character ã¯ (U+306F)
               not set up for use with LaTeX.

See the LaTeX manual or LaTeX Companion for explanation.
Type  H <return>  for immediate help.
 ...                                              
                                                  
l.3 ã“ã®Webã‚µã‚¤ãƒˆã§ã¯
                            ï¼ŒFinalFantasyã‚·ãƒªãƒ¼ã‚ºã®ã‚¿ã‚¤ãƒˆãƒ«ä¸€è¦§...
You may provide a definition with
\DeclareUnicodeCharacter 


./ff.tex:3: LaTeX Error: Unicode character ï¼Œ (U+FF0C)
               not set up for use with LaTeX.

See the LaTeX manual or LaTeX Companion for explanation.
Type  H <return>  for immediate help.
 ...                                              
                                                  
l.3 ã“ã®Webã‚µã‚¤ãƒˆã§ã¯ï¼Œ
                               FinalFantasyã‚·ãƒªãƒ¼ã‚ºã®ã‚¿ã‚¤ãƒˆãƒ«ä¸€è¦§...
You may provide a definition with
\DeclareUnicodeCharacter 


./ff.tex:3: LaTeX Error: Unicode character ã‚· (U+30B7)
               not set up for use with LaTeX.

See the LaTeX manual or LaTeX Companion for explanation.
Type  H <return>  for immediate help.
 ...                                              
                                                  
l.3 ã“ã®Webã‚µã‚¤ãƒˆã§ã¯ï¼ŒFinalFantasyã‚·
                                              ãƒªãƒ¼ã‚ºã®ã‚¿ã‚¤ãƒˆãƒ«ä¸€è¦§...
You may provide a definition with
\DeclareUnicodeCharacter 


./ff.tex:3: LaTeX Error: Unicode character ãƒª (U+30EA)
               not set up for use with LaTeX.

See the LaTeX manual or LaTeX Companion for explanation.
Type  H <return>  for immediate help.
 ...                                              
                                                  
l.3 ã“ã®Webã‚µã‚¤ãƒˆã§ã¯ï¼ŒFinalFantasyã‚·ãƒª
                                                 ãƒ¼ã‚ºã®ã‚¿ã‚¤ãƒˆãƒ«ä¸€è¦§...
You may provide a definition with
\DeclareUnicodeCharacter 


./ff.tex:3: LaTeX Error: Unicode character ãƒ¼ (U+30FC)
               not set up for use with LaTeX.

See the LaTeX manual or LaTeX Companion for explanation.
Type  H <return>  for immediate help.
 ...                                              
                                                  
l.3 ...®Webã‚µã‚¤ãƒˆã§ã¯ï¼ŒFinalFantasyã‚·ãƒªãƒ¼
                                                  ã‚ºã®ã‚¿ã‚¤ãƒˆãƒ«ä¸€è¦§ã‚...
You may provide a definition with
\DeclareUnicodeCharacter 


./ff.tex:3: LaTeX Error: Unicode character ã‚º (U+30BA)
               not set up for use with LaTeX.

See the LaTeX manual or LaTeX Companion for explanation.
Type  H <return>  for immediate help.
 ...                                              
                                                  
l.3 ...bã‚µã‚¤ãƒˆã§ã¯ï¼ŒFinalFantasyã‚·ãƒªãƒ¼ã‚º
                                                  ã®ã‚¿ã‚¤ãƒˆãƒ«ä¸€è¦§ã‚’è¡...
You may provide a definition with
\DeclareUnicodeCharacter 


./ff.tex:3: LaTeX Error: Unicode character ã® (U+306E)
               not set up for use with LaTeX.

See the LaTeX manual or LaTeX Companion for explanation.
Type  H <return>  for immediate help.
 ...                                              
                                                  
l.3 ...µã‚¤ãƒˆã§ã¯ï¼ŒFinalFantasyã‚·ãƒªãƒ¼ã‚ºã®
                                                  ã‚¿ã‚¤ãƒˆãƒ«ä¸€è¦§ã‚’è¡¨ç¤...
You may provide a definition with
\DeclareUnicodeCharacter 


./ff.tex:3: LaTeX Error: Unicode character ã‚¿ (U+30BF)
               not set up for use with LaTeX.

See the LaTeX manual or LaTeX Companion for explanation.
Type  H <return>  for immediate help.
 ...                                              
                                                  
l.3 ...¤ãƒˆã§ã¯ï¼ŒFinalFantasyã‚·ãƒªãƒ¼ã‚ºã®ã‚¿
                                                  ã‚¤ãƒˆãƒ«ä¸€è¦§ã‚’è¡¨ç¤ºã...
You may provide a definition with
\DeclareUnicodeCharacter 


./ff.tex:3: LaTeX Error: Unicode character ã‚¤ (U+30A4)
               not set up for use with LaTeX.

See the LaTeX manual or LaTeX Companion for explanation.
Type  H <return>  for immediate help.
 ...                                              
                                                  
l.3 ...ˆã§ã¯ï¼ŒFinalFantasyã‚·ãƒªãƒ¼ã‚ºã®ã‚¿ã‚¤
                                                  ãƒˆãƒ«ä¸€è¦§ã‚’è¡¨ç¤ºã™ã‚...
You may provide a definition with
\DeclareUnicodeCharacter 


./ff.tex:3: LaTeX Error: Unicode character ãƒˆ (U+30C8)
               not set up for use with LaTeX.

See the LaTeX manual or LaTeX Companion for explanation.
Type  H <return>  for immediate help.
 ...                                              
                                                  
l.3 ...§ã¯ï¼ŒFinalFantasyã‚·ãƒªãƒ¼ã‚ºã®ã‚¿ã‚¤ãƒˆ
                                                  ãƒ«ä¸€è¦§ã‚’è¡¨ç¤ºã™ã‚‹ï¼
You may provide a definition with
\DeclareUnicodeCharacter 


./ff.tex:3: LaTeX Error: Unicode character ãƒ« (U+30EB)
               not set up for use with LaTeX.

See the LaTeX manual or LaTeX Companion for explanation.
Type  H <return>  for immediate help.
 ...                                              
                                                  
l.3 ...¯ï¼ŒFinalFantasyã‚·ãƒªãƒ¼ã‚ºã®ã‚¿ã‚¤ãƒˆãƒ«
                                                  ä¸€è¦§ã‚’è¡¨ç¤ºã™ã‚‹ï¼
You may provide a definition with
\DeclareUnicodeCharacter 


./ff.tex:3: LaTeX Error: Unicode character ä¸€ (U+4E00)
               not set up for use with LaTeX.

See the LaTeX manual or LaTeX Companion for explanation.
Type  H <return>  for immediate help.
 ...                                              
                                                  
l.3 ...ŒFinalFantasyã‚·ãƒªãƒ¼ã‚ºã®ã‚¿ã‚¤ãƒˆãƒ«ä¸€
                                                  è¦§ã‚’è¡¨ç¤ºã™ã‚‹ï¼
You may provide a definition with
\DeclareUnicodeCharacter 


./ff.tex:3: LaTeX Error: Unicode character è¦§ (U+89A7)
               not set up for use with LaTeX.

See the LaTeX manual or LaTeX Companion for explanation.
Type  H <return>  for immediate help.
 ...                                              
                                                  
l.3 ...nalFantasyã‚·ãƒªãƒ¼ã‚ºã®ã‚¿ã‚¤ãƒˆãƒ«ä¸€è¦§
                                                  ã‚’è¡¨ç¤ºã™ã‚‹ï¼
You may provide a definition with
\DeclareUnicodeCharacter 


./ff.tex:3: LaTeX Error: Unicode character ã‚’ (U+3092)
               not set up for use with LaTeX.

See the LaTeX manual or LaTeX Companion for explanation.
Type  H <return>  for immediate help.
 ...                                              
                                                  
l.3 ...Fantasyã‚·ãƒªãƒ¼ã‚ºã®ã‚¿ã‚¤ãƒˆãƒ«ä¸€è¦§ã‚’
                                                  è¡¨ç¤ºã™ã‚‹ï¼
You may provide a definition with
\DeclareUnicodeCharacter 


./ff.tex:3: LaTeX Error: Unicode character è¡¨ (U+8868)
               not set up for use with LaTeX.

See the LaTeX manual or LaTeX Companion for explanation.
Type  H <return>  for immediate help.
 ...                                              
                                                  
l.3 ...tasyã‚·ãƒªãƒ¼ã‚ºã®ã‚¿ã‚¤ãƒˆãƒ«ä¸€è¦§ã‚’è¡¨
                                                  ç¤ºã™ã‚‹ï¼
You may provide a definition with
\DeclareUnicodeCharacter 


./ff.tex:3: LaTeX Error: Unicode character ç¤º (U+793A)
               not set up for use with LaTeX.

See the LaTeX manual or LaTeX Companion for explanation.
Type  H <return>  for immediate help.
 ...                                              
                                                  
l.3 ...yã‚·ãƒªãƒ¼ã‚ºã®ã‚¿ã‚¤ãƒˆãƒ«ä¸€è¦§ã‚’è¡¨ç¤º
                                                  ã™ã‚‹ï¼
You may provide a definition with
\DeclareUnicodeCharacter 


./ff.tex:3: LaTeX Error: Unicode character ã™ (U+3059)
               not set up for use with LaTeX.

See the LaTeX manual or LaTeX Companion for explanation.
Type  H <return>  for immediate help.
 ...                                              
                                                  
l.3 ...·ãƒªãƒ¼ã‚ºã®ã‚¿ã‚¤ãƒˆãƒ«ä¸€è¦§ã‚’è¡¨ç¤ºã™
                                                  ã‚‹ï¼
You may provide a definition with
\DeclareUnicodeCharacter 


./ff.tex:3: LaTeX Error: Unicode character ã‚‹ (U+308B)
               not set up for use with LaTeX.

See the LaTeX manual or LaTeX Companion for explanation.
Type  H <return>  for immediate help.
 ...                                              
                                                  
l.3 ...ªãƒ¼ã‚ºã®ã‚¿ã‚¤ãƒˆãƒ«ä¸€è¦§ã‚’è¡¨ç¤ºã™ã‚‹
                                                  ï¼
You may provide a definition with
\DeclareUnicodeCharacter 


./ff.tex:3: LaTeX Error: Unicode character ï¼ (U+FF0E)
               not set up for use with LaTeX.

See the LaTeX manual or LaTeX Companion for explanation.
Type  H <return>  for immediate help.
 ...                                              
                                                  
l.3 ...¼ã‚ºã®ã‚¿ã‚¤ãƒˆãƒ«ä¸€è¦§ã‚’è¡¨ç¤ºã™ã‚‹ï¼
                                                  
You may provide a definition with
\DeclareUnicodeCharacter 


./ff.tex:4: LaTeX Error: Unicode character æ©Ÿ (U+6A5F)
               not set up for use with LaTeX.

See the LaTeX manual or LaTeX Companion for explanation.
Type  H <return>  for immediate help.
 ...                                              
                                                  
l.4 æ©Ÿ
       èƒ½ã¨ã—ã¦ï¼ŒãƒŠãƒ³ãƒãƒªãƒ³ã‚°ä¸€è¦§è¡¨ç¤ºï¼Œæ´¾ç”Ÿä½œå“ä¸€è¦§è¡¨...
You may provide a definition with
\DeclareUnicodeCharacter 


./ff.tex:4: LaTeX Error: Unicode character èƒ½ (U+80FD)
               not set up for use with LaTeX.

See the LaTeX manual or LaTeX Companion for explanation.
Type  H <return>  for immediate help.
 ...                                              
                                                  
l.4 æ©Ÿèƒ½
          ã¨ã—ã¦ï¼ŒãƒŠãƒ³ãƒãƒªãƒ³ã‚°ä¸€è¦§è¡¨ç¤ºï¼Œæ´¾ç”Ÿä½œå“ä¸€è¦§è¡¨...
You may provide a definition with
\DeclareUnicodeCharacter 


./ff.tex:4: LaTeX Error: Unicode character ã¨ (U+3068)
               not set up for use with LaTeX.

See the LaTeX manual or LaTeX Companion for explanation.
Type  H <return>  for immediate help.
 ...                                              
                                                  
l.4 æ©Ÿèƒ½ã¨
             ã—ã¦ï¼ŒãƒŠãƒ³ãƒãƒªãƒ³ã‚°ä¸€è¦§è¡¨ç¤ºï¼Œæ´¾ç”Ÿä½œå“ä¸€è¦§è¡¨...
You may provide a definition with
\DeclareUnicodeCharacter 


./ff.tex:4: LaTeX Error: Unicode character ã— (U+3057)
               not set up for use with LaTeX.

See the LaTeX manual or LaTeX Companion for explanation.
Type  H <return>  for immediate help.
 ...                                              
                                                  
l.4 æ©Ÿèƒ½ã¨ã—
                ã¦ï¼ŒãƒŠãƒ³ãƒãƒªãƒ³ã‚°ä¸€è¦§è¡¨ç¤ºï¼Œæ´¾ç”Ÿä½œå“ä¸€è¦§è¡¨...
You may provide a definition with
\DeclareUnicodeCharacter 


./ff.tex:4: LaTeX Error: Unicode character ã¦ (U+3066)
               not set up for use with LaTeX.

See the LaTeX manual or LaTeX Companion for explanation.
Type  H <return>  for immediate help.
 ...                                              
                                                  
l.4 æ©Ÿèƒ½ã¨ã—ã¦
                   ï¼ŒãƒŠãƒ³ãƒãƒªãƒ³ã‚°ä¸€è¦§è¡¨ç¤ºï¼Œæ´¾ç”Ÿä½œå“ä¸€è¦§è¡¨...
You may provide a definition with
\DeclareUnicodeCharacter 


./ff.tex:4: LaTeX Error: Unicode character ï¼Œ (U+FF0C)
               not set up for use with LaTeX.

See the LaTeX manual or LaTeX Companion for explanation.
Type  H <return>  for immediate help.
 ...                                              
                                                  
l.4 æ©Ÿèƒ½ã¨ã—ã¦ï¼Œ
                      ãƒŠãƒ³ãƒãƒªãƒ³ã‚°ä¸€è¦§è¡¨ç¤ºï¼Œæ´¾ç”Ÿä½œå“ä¸€è¦§è¡¨...
You may provide a definition with
\DeclareUnicodeCharacter 


./ff.tex:4: LaTeX Error: Unicode character ãƒŠ (U+30CA)
               not set up for use with LaTeX.

See the LaTeX manual or LaTeX Companion for explanation.
Type  H <return>  for immediate help.
 ...                                              
                                                  
l.4 æ©Ÿèƒ½ã¨ã—ã¦ï¼ŒãƒŠ
                         ãƒ³ãƒãƒªãƒ³ã‚°ä¸€è¦§è¡¨ç¤ºï¼Œæ´¾ç”Ÿä½œå“ä¸€è¦§è¡¨...
You may provide a definition with
\DeclareUnicodeCharacter 


./ff.tex:4: LaTeX Error: Unicode character ãƒ³ (U+30F3)
               not set up for use with LaTeX.

See the LaTeX manual or LaTeX Companion for explanation.
Type  H <return>  for immediate help.
 ...                                              
                                                  
l.4 æ©Ÿèƒ½ã¨ã—ã¦ï¼ŒãƒŠãƒ³
                            ãƒãƒªãƒ³ã‚°ä¸€è¦§è¡¨ç¤ºï¼Œæ´¾ç”Ÿä½œå“ä¸€è¦§è¡¨...
You may provide a definition with
\DeclareUnicodeCharacter 


./ff.tex:4: LaTeX Error: Unicode character ãƒ (U+30D0)
               not set up for use with LaTeX.

See the LaTeX manual or LaTeX Companion for explanation.
Type  H <return>  for immediate help.
 ...                                              
                                                  
l.4 æ©Ÿèƒ½ã¨ã—ã¦ï¼ŒãƒŠãƒ³ãƒ
                               ãƒªãƒ³ã‚°ä¸€è¦§è¡¨ç¤ºï¼Œæ´¾ç”Ÿä½œå“ä¸€è¦§è¡¨...
You may provide a definition with
\DeclareUnicodeCharacter 


./ff.tex:4: LaTeX Error: Unicode character ãƒª (U+30EA)
               not set up for use with LaTeX.

See the LaTeX manual or LaTeX Companion for explanation.
Type  H <return>  for immediate help.
 ...                                              
                                                  
l.4 æ©Ÿèƒ½ã¨ã—ã¦ï¼ŒãƒŠãƒ³ãƒãƒª
                                  ãƒ³ã‚°ä¸€è¦§è¡¨ç¤ºï¼Œæ´¾ç”Ÿä½œå“ä¸€è¦§è¡¨...
You may provide a definition with
\DeclareUnicodeCharacter 


./ff.tex:4: LaTeX Error: Unicode character ãƒ³ (U+30F3)
               not set up for use with LaTeX.

See the LaTeX manual or LaTeX Companion for explanation.
Type  H <return>  for immediate help.
 ...                                              
                                                  
l.4 æ©Ÿèƒ½ã¨ã—ã¦ï¼ŒãƒŠãƒ³ãƒãƒªãƒ³
                                     ã‚°ä¸€è¦§è¡¨ç¤ºï¼Œæ´¾ç”Ÿä½œå“ä¸€è¦§è¡¨...
You may provide a definition with
\DeclareUnicodeCharacter 


./ff.tex:4: LaTeX Error: Unicode character ã‚° (U+30B0)
               not set up for use with LaTeX.

See the LaTeX manual or LaTeX Companion for explanation.
Type  H <return>  for immediate help.
 ...                                              
                                                  
l.4 æ©Ÿèƒ½ã¨ã—ã¦ï¼ŒãƒŠãƒ³ãƒãƒªãƒ³ã‚°
                                        ä¸€è¦§è¡¨ç¤ºï¼Œæ´¾ç”Ÿä½œå“ä¸€è¦§è¡¨...
You may provide a definition with
\DeclareUnicodeCharacter 


./ff.tex:4: LaTeX Error: Unicode character ä¸€ (U+4E00)
               not set up for use with LaTeX.

See the LaTeX manual or LaTeX Companion for explanation.
Type  H <return>  for immediate help.
 ...                                              
                                                  
l.4 æ©Ÿèƒ½ã¨ã—ã¦ï¼ŒãƒŠãƒ³ãƒãƒªãƒ³ã‚°ä¸€
                                           è¦§è¡¨ç¤ºï¼Œæ´¾ç”Ÿä½œå“ä¸€è¦§è¡¨...
You may provide a definition with
\DeclareUnicodeCharacter 


./ff.tex:4: LaTeX Error: Unicode character è¦§ (U+89A7)
               not set up for use with LaTeX.

See the LaTeX manual or LaTeX Companion for explanation.
Type  H <return>  for immediate help.
 ...                                              
                                                  
l.4 æ©Ÿèƒ½ã¨ã—ã¦ï¼ŒãƒŠãƒ³ãƒãƒªãƒ³ã‚°ä¸€è¦§
                                              è¡¨ç¤ºï¼Œæ´¾ç”Ÿä½œå“ä¸€è¦§è¡¨...
You may provide a definition with
\DeclareUnicodeCharacter 


./ff.tex:4: LaTeX Error: Unicode character è¡¨ (U+8868)
               not set up for use with LaTeX.

See the LaTeX manual or LaTeX Companion for explanation.
Type  H <return>  for immediate help.
 ...                                              
                                                  
l.4 æ©Ÿèƒ½ã¨ã—ã¦ï¼ŒãƒŠãƒ³ãƒãƒªãƒ³ã‚°ä¸€è¦§è¡¨
                                                 ç¤ºï¼Œæ´¾ç”Ÿä½œå“ä¸€è¦§è¡¨...
You may provide a definition with
\DeclareUnicodeCharacter 


./ff.tex:4: LaTeX Error: Unicode character ç¤º (U+793A)
               not set up for use with LaTeX.

See the LaTeX manual or LaTeX Companion for explanation.
Type  H <return>  for immediate help.
 ...                                              
                                                  
l.4 ...½ã¨ã—ã¦ï¼ŒãƒŠãƒ³ãƒãƒªãƒ³ã‚°ä¸€è¦§è¡¨ç¤º
                                                  ï¼Œæ´¾ç”Ÿä½œå“ä¸€è¦§è¡¨ç¤...
You may provide a definition with
\DeclareUnicodeCharacter 


./ff.tex:4: LaTeX Error: Unicode character ï¼Œ (U+FF0C)
               not set up for use with LaTeX.

See the LaTeX manual or LaTeX Companion for explanation.
Type  H <return>  for immediate help.
 ...                                              
                                                  
l.4 ...¨ã—ã¦ï¼ŒãƒŠãƒ³ãƒãƒªãƒ³ã‚°ä¸€è¦§è¡¨ç¤ºï¼Œ
                                                  æ´¾ç”Ÿä½œå“ä¸€è¦§è¡¨ç¤ºï¼...
You may provide a definition with
\DeclareUnicodeCharacter 


./ff.tex:4: LaTeX Error: Unicode character æ´¾ (U+6D3E)
               not set up for use with LaTeX.

See the LaTeX manual or LaTeX Companion for explanation.
Type  H <return>  for immediate help.
 ...                                              
                                                  
l.4 ...—ã¦ï¼ŒãƒŠãƒ³ãƒãƒªãƒ³ã‚°ä¸€è¦§è¡¨ç¤ºï¼Œæ´¾
                                                  ç”Ÿä½œå“ä¸€è¦§è¡¨ç¤ºï¼Œè©...
You may provide a definition with
\DeclareUnicodeCharacter 


./ff.tex:4: LaTeX Error: Unicode character ç”Ÿ (U+751F)
               not set up for use with LaTeX.

See the LaTeX manual or LaTeX Companion for explanation.
Type  H <return>  for immediate help.
 ...                                              
                                                  
l.4 ...¦ï¼ŒãƒŠãƒ³ãƒãƒªãƒ³ã‚°ä¸€è¦§è¡¨ç¤ºï¼Œæ´¾ç”Ÿ
                                                  ä½œå“ä¸€è¦§è¡¨ç¤ºï¼Œè©³ç´...
You may provide a definition with
\DeclareUnicodeCharacter 


./ff.tex:4: LaTeX Error: Unicode character ä½œ (U+4F5C)
               not set up for use with LaTeX.

See the LaTeX manual or LaTeX Companion for explanation.
Type  H <return>  for immediate help.
 ...                                              
                                                  
l.4 ...ŒãƒŠãƒ³ãƒãƒªãƒ³ã‚°ä¸€è¦§è¡¨ç¤ºï¼Œæ´¾ç”Ÿä½œ
                                                  å“ä¸€è¦§è¡¨ç¤ºï¼Œè©³ç´°è¡...
You may provide a definition with
\DeclareUnicodeCharacter 


./ff.tex:4: LaTeX Error: Unicode character å“ (U+54C1)
               not set up for use with LaTeX.

See the LaTeX manual or LaTeX Companion for explanation.
Type  H <return>  for immediate help.
 ...                                              
                                                  
l.4 ...Šãƒ³ãƒãƒªãƒ³ã‚°ä¸€è¦§è¡¨ç¤ºï¼Œæ´¾ç”Ÿä½œå“
                                                  ä¸€è¦§è¡¨ç¤ºï¼Œè©³ç´°è¡¨ç¤...
You may provide a definition with
\DeclareUnicodeCharacter 


./ff.tex:4: LaTeX Error: Unicode character ä¸€ (U+4E00)
               not set up for use with LaTeX.

See the LaTeX manual or LaTeX Companion for explanation.
Type  H <return>  for immediate help.
 ...                                              
                                                  
l.4 ...³ãƒãƒªãƒ³ã‚°ä¸€è¦§è¡¨ç¤ºï¼Œæ´¾ç”Ÿä½œå“ä¸€
                                                  è¦§è¡¨ç¤ºï¼Œè©³ç´°è¡¨ç¤ºï¼...
You may provide a definition with
\DeclareUnicodeCharacter 


./ff.tex:4: LaTeX Error: Unicode character è¦§ (U+89A7)
               not set up for use with LaTeX.

See the LaTeX manual or LaTeX Companion for explanation.
Type  H <return>  for immediate help.
 ...                                              
                                                  
l.4 ...ãƒªãƒ³ã‚°ä¸€è¦§è¡¨ç¤ºï¼Œæ´¾ç”Ÿä½œå“ä¸€è¦§
                                                  è¡¨ç¤ºï¼Œè©³ç´°è¡¨ç¤ºï¼Œãƒ...
You may provide a definition with
\DeclareUnicodeCharacter 


./ff.tex:4: LaTeX Error: Unicode character è¡¨ (U+8868)
               not set up for use with LaTeX.

See the LaTeX manual or LaTeX Companion for explanation.
Type  H <return>  for immediate help.
 ...                                              
                                                  
l.4 ...ªãƒ³ã‚°ä¸€è¦§è¡¨ç¤ºï¼Œæ´¾ç”Ÿä½œå“ä¸€è¦§è¡¨
                                                  ç¤ºï¼Œè©³ç´°è¡¨ç¤ºï¼Œãƒ‡ãƒ...
You may provide a definition with
\DeclareUnicodeCharacter 


./ff.tex:4: LaTeX Error: Unicode character ç¤º (U+793A)
               not set up for use with LaTeX.

See the LaTeX manual or LaTeX Companion for explanation.
Type  H <return>  for immediate help.
 ...                                              
                                                  
l.4 ...³ã‚°ä¸€è¦§è¡¨ç¤ºï¼Œæ´¾ç”Ÿä½œå“ä¸€è¦§è¡¨ç¤º
                                                  ï¼Œè©³ç´°è¡¨ç¤ºï¼Œãƒ‡ãƒ¼ã‚...
You may provide a definition with
\DeclareUnicodeCharacter 


./ff.tex:4: LaTeX Error: Unicode character ï¼Œ (U+FF0C)
               not set up for use with LaTeX.

See the LaTeX manual or LaTeX Companion for explanation.
Type  H <return>  for immediate help.
 ...                                              
                                                  
l.4 ...°ä¸€è¦§è¡¨ç¤ºï¼Œæ´¾ç”Ÿä½œå“ä¸€è¦§è¡¨ç¤ºï¼Œ
                                                  è©³ç´°è¡¨ç¤ºï¼Œãƒ‡ãƒ¼ã‚¿ã...
You may provide a definition with
\DeclareUnicodeCharacter 


./ff.tex:4: LaTeX Error: Unicode character è©³ (U+8A73)
               not set up for use with LaTeX.

See the LaTeX manual or LaTeX Companion for explanation.
Type  H <return>  for immediate help.
 ...                                              
                                                  
l.4 ...€è¦§è¡¨ç¤ºï¼Œæ´¾ç”Ÿä½œå“ä¸€è¦§è¡¨ç¤ºï¼Œè©³
                                                  ç´°è¡¨ç¤ºï¼Œãƒ‡ãƒ¼ã‚¿ã®ç·...
You may provide a definition with
\DeclareUnicodeCharacter 


./ff.tex:4: LaTeX Error: Unicode character ç´° (U+7D30)
               not set up for use with LaTeX.

See the LaTeX manual or LaTeX Companion for explanation.
Type  H <return>  for immediate help.
 ...                                              
                                                  
l.4 ...§è¡¨ç¤ºï¼Œæ´¾ç”Ÿä½œå“ä¸€è¦§è¡¨ç¤ºï¼Œè©³ç´°
                                                  è¡¨ç¤ºï¼Œãƒ‡ãƒ¼ã‚¿ã®ç·¨é›...
You may provide a definition with
\DeclareUnicodeCharacter 


./ff.tex:4: LaTeX Error: Unicode character è¡¨ (U+8868)
               not set up for use with LaTeX.

See the LaTeX manual or LaTeX Companion for explanation.
Type  H <return>  for immediate help.
 ...                                              
                                                  
l.4 ...¨ç¤ºï¼Œæ´¾ç”Ÿä½œå“ä¸€è¦§è¡¨ç¤ºï¼Œè©³ç´°è¡¨
                                                  ç¤ºï¼Œãƒ‡ãƒ¼ã‚¿ã®ç·¨é›†ï¼...
You may provide a definition with
\DeclareUnicodeCharacter 


./ff.tex:4: LaTeX Error: Unicode character ç¤º (U+793A)
               not set up for use with LaTeX.

See the LaTeX manual or LaTeX Companion for explanation.
Type  H <return>  for immediate help.
 ...                                              
                                                  
l.4 ...ºï¼Œæ´¾ç”Ÿä½œå“ä¸€è¦§è¡¨ç¤ºï¼Œè©³ç´°è¡¨ç¤º
                                                  ï¼Œãƒ‡ãƒ¼ã‚¿ã®ç·¨é›†ï¼Œè¿...
You may provide a definition with
\DeclareUnicodeCharacter 


./ff.tex:4: LaTeX Error: Unicode character ï¼Œ (U+FF0C)
               not set up for use with LaTeX.

See the LaTeX manual or LaTeX Companion for explanation.
Type  H <return>  for immediate help.
 ...                                              
                                                  
l.4 ...Œæ´¾ç”Ÿä½œå“ä¸€è¦§è¡¨ç¤ºï¼Œè©³ç´°è¡¨ç¤ºï¼Œ
                                                  ãƒ‡ãƒ¼ã‚¿ã®ç·¨é›†ï¼Œè¿½åŠ...
You may provide a definition with
\DeclareUnicodeCharacter 


./ff.tex:4: LaTeX Error: Unicode character ãƒ‡ (U+30C7)
               not set up for use with LaTeX.

See the LaTeX manual or LaTeX Companion for explanation.
Type  H <return>  for immediate help.
 ...                                              
                                                  
l.4 ...¾ç”Ÿä½œå“ä¸€è¦§è¡¨ç¤ºï¼Œè©³ç´°è¡¨ç¤ºï¼Œãƒ‡
                                                  ãƒ¼ã‚¿ã®ç·¨é›†ï¼Œè¿½åŠ ï¼...
You may provide a definition with
\DeclareUnicodeCharacter 


./ff.tex:4: LaTeX Error: Unicode character ãƒ¼ (U+30FC)
               not set up for use with LaTeX.

See the LaTeX manual or LaTeX Companion for explanation.
Type  H <return>  for immediate help.
 ...                                              
                                                  
l.4 ...Ÿä½œå“ä¸€è¦§è¡¨ç¤ºï¼Œè©³ç´°è¡¨ç¤ºï¼Œãƒ‡ãƒ¼
                                                  ã‚¿ã®ç·¨é›†ï¼Œè¿½åŠ ï¼Œå‰...
You may provide a definition with
\DeclareUnicodeCharacter 


./ff.tex:4: LaTeX Error: Unicode character ã‚¿ (U+30BF)
               not set up for use with LaTeX.

See the LaTeX manual or LaTeX Companion for explanation.
Type  H <return>  for immediate help.
 ...                                              
                                                  
l.4 ...œå“ä¸€è¦§è¡¨ç¤ºï¼Œè©³ç´°è¡¨ç¤ºï¼Œãƒ‡ãƒ¼ã‚¿
                                                  ã®ç·¨é›†ï¼Œè¿½åŠ ï¼Œå‰Šé™...
You may provide a definition with
\DeclareUnicodeCharacter 


./ff.tex:4: LaTeX Error: Unicode character ã® (U+306E)
               not set up for use with LaTeX.

See the LaTeX manual or LaTeX Companion for explanation.
Type  H <return>  for immediate help.
 ...                                              
                                                  
l.4 ...ä¸€è¦§è¡¨ç¤ºï¼Œè©³ç´°è¡¨ç¤ºï¼Œãƒ‡ãƒ¼ã‚¿ã®
                                                  ç·¨é›†ï¼Œè¿½åŠ ï¼Œå‰Šé™¤ã...
You may provide a definition with
\DeclareUnicodeCharacter 


./ff.tex:4: LaTeX Error: Unicode character ç·¨ (U+7DE8)
               not set up for use with LaTeX.

See the LaTeX manual or LaTeX Companion for explanation.
Type  H <return>  for immediate help.
 ...                                              
                                                  
l.4 ...€è¦§è¡¨ç¤ºï¼Œè©³ç´°è¡¨ç¤ºï¼Œãƒ‡ãƒ¼ã‚¿ã®ç·¨
                                                  é›†ï¼Œè¿½åŠ ï¼Œå‰Šé™¤ãŒã...
You may provide a definition with
\DeclareUnicodeCharacter 


./ff.tex:4: LaTeX Error: Unicode character é›† (U+96C6)
               not set up for use with LaTeX.

See the LaTeX manual or LaTeX Companion for explanation.
Type  H <return>  for immediate help.
 ...                                              
                                                  
l.4 ...§è¡¨ç¤ºï¼Œè©³ç´°è¡¨ç¤ºï¼Œãƒ‡ãƒ¼ã‚¿ã®ç·¨é›†
                                                  ï¼Œè¿½åŠ ï¼Œå‰Šé™¤ãŒã‚ã‚...
You may provide a definition with
\DeclareUnicodeCharacter 


./ff.tex:4: LaTeX Error: Unicode character ï¼Œ (U+FF0C)
               not set up for use with LaTeX.

See the LaTeX manual or LaTeX Companion for explanation.
Type  H <return>  for immediate help.
 ...                                              
                                                  
l.4 ...¨ç¤ºï¼Œè©³ç´°è¡¨ç¤ºï¼Œãƒ‡ãƒ¼ã‚¿ã®ç·¨é›†ï¼Œ
                                                  è¿½åŠ ï¼Œå‰Šé™¤ãŒã‚ã‚‹ï¼
You may provide a definition with
\DeclareUnicodeCharacter 


./ff.tex:4: LaTeX Error: Unicode character è¿½ (U+8FFD)
               not set up for use with LaTeX.

See the LaTeX manual or LaTeX Companion for explanation.
Type  H <return>  for immediate help.
 ...                                              
                                                  
l.4 ...ºï¼Œè©³ç´°è¡¨ç¤ºï¼Œãƒ‡ãƒ¼ã‚¿ã®ç·¨é›†ï¼Œè¿½
                                                  åŠ ï¼Œå‰Šé™¤ãŒã‚ã‚‹ï¼
You may provide a definition with
\DeclareUnicodeCharacter 


./ff.tex:4: LaTeX Error: Unicode character åŠ  (U+52A0)
               not set up for use with LaTeX.

See the LaTeX manual or LaTeX Companion for explanation.
Type  H <return>  for immediate help.
 ...                                              
                                                  
l.4 ...Œè©³ç´°è¡¨ç¤ºï¼Œãƒ‡ãƒ¼ã‚¿ã®ç·¨é›†ï¼Œè¿½åŠ 
                                                  ï¼Œå‰Šé™¤ãŒã‚ã‚‹ï¼
You may provide a definition with
\DeclareUnicodeCharacter 


./ff.tex:4: LaTeX Error: Unicode character ï¼Œ (U+FF0C)
               not set up for use with LaTeX.

See the LaTeX manual or LaTeX Companion for explanation.
Type  H <return>  for immediate help.
 ...                                              
                                                  
l.4 ...³ç´°è¡¨ç¤ºï¼Œãƒ‡ãƒ¼ã‚¿ã®ç·¨é›†ï¼Œè¿½åŠ ï¼Œ
                                                  å‰Šé™¤ãŒã‚ã‚‹ï¼
You may provide a definition with
\DeclareUnicodeCharacter 


./ff.tex:4: LaTeX Error: Unicode character å‰Š (U+524A)
               not set up for use with LaTeX.

See the LaTeX manual or LaTeX Companion for explanation.
Type  H <return>  for immediate help.
 ...                                              
                                                  
l.4 ...°è¡¨ç¤ºï¼Œãƒ‡ãƒ¼ã‚¿ã®ç·¨é›†ï¼Œè¿½åŠ ï¼Œå‰Š
                                                  é™¤ãŒã‚ã‚‹ï¼
You may provide a definition with
\DeclareUnicodeCharacter 


./ff.tex:4: LaTeX Error: Unicode character é™¤ (U+9664)
               not set up for use with LaTeX.

See the LaTeX manual or LaTeX Companion for explanation.
Type  H <return>  for immediate help.
 ...                                              
                                                  
l.4 ...¨ç¤ºï¼Œãƒ‡ãƒ¼ã‚¿ã®ç·¨é›†ï¼Œè¿½åŠ ï¼Œå‰Šé™¤
                                                  ãŒã‚ã‚‹ï¼
You may provide a definition with
\DeclareUnicodeCharacter 


./ff.tex:4: LaTeX Error: Unicode character ãŒ (U+304C)
               not set up for use with LaTeX.

See the LaTeX manual or LaTeX Companion for explanation.
Type  H <return>  for immediate help.
 ...                                              
                                                  
l.4 ...ºï¼Œãƒ‡ãƒ¼ã‚¿ã®ç·¨é›†ï¼Œè¿½åŠ ï¼Œå‰Šé™¤ãŒ
                                                  ã‚ã‚‹ï¼
You may provide a definition with
\DeclareUnicodeCharacter 


./ff.tex:4: LaTeX Error: Unicode character ã‚ (U+3042)
               not set up for use with LaTeX.

See the LaTeX manual or LaTeX Companion for explanation.
Type  H <return>  for immediate help.
 ...                                              
                                                  
l.4 ...Œãƒ‡ãƒ¼ã‚¿ã®ç·¨é›†ï¼Œè¿½åŠ ï¼Œå‰Šé™¤ãŒã‚
                                                  ã‚‹ï¼
You may provide a definition with
\DeclareUnicodeCharacter 


./ff.tex:4: LaTeX Error: Unicode character ã‚‹ (U+308B)
               not set up for use with LaTeX.

See the LaTeX manual or LaTeX Companion for explanation.
Type  H <return>  for immediate help.
 ...                                              
                                                  
l.4 ...‡ãƒ¼ã‚¿ã®ç·¨é›†ï¼Œè¿½åŠ ï¼Œå‰Šé™¤ãŒã‚ã‚‹
                                                  ï¼
You may provide a definition with
\DeclareUnicodeCharacter 


./ff.tex:4: LaTeX Error: Unicode character ï¼ (U+FF0E)
               not set up for use with LaTeX.

See the LaTeX manual or LaTeX Companion for explanation.
Type  H <return>  for immediate help.
 ...                                              
                                                  
l.4 ...¼ã‚¿ã®ç·¨é›†ï¼Œè¿½åŠ ï¼Œå‰Šé™¤ãŒã‚ã‚‹ï¼
                                                  
You may provide a definition with
\DeclareUnicodeCharacter 


./ff.tex:5: LaTeX Error: Unicode character ãƒ• (U+30D5)
               not set up for use with LaTeX.

See the LaTeX manual or LaTeX Companion for explanation.
Type  H <return>  for immediate help.
 ...                                              
                                                  
l.5 ãƒ•
       ã‚¡ã‚¤ãƒ«ã¯ff.jsï¼Œff\_db1.ejsï¼Œff\_db2.ejsï¼Œff\_detail.ejsï¼Œff\_...
You may provide a definition with
\DeclareUnicodeCharacter 


./ff.tex:5: LaTeX Error: Unicode character ã‚¡ (U+30A1)
               not set up for use with LaTeX.

See the LaTeX manual or LaTeX Companion for explanation.
Type  H <return>  for immediate help.
 ...                                              
                                                  
l.5 ãƒ•ã‚¡
          ã‚¤ãƒ«ã¯ff.jsï¼Œff\_db1.ejsï¼Œff\_db2.ejsï¼Œff\_detail.ejsï¼Œff\_...
You may provide a definition with
\DeclareUnicodeCharacter 


./ff.tex:5: LaTeX Error: Unicode character ã‚¤ (U+30A4)
               not set up for use with LaTeX.

See the LaTeX manual or LaTeX Companion for explanation.
Type  H <return>  for immediate help.
 ...                                              
                                                  
l.5 ãƒ•ã‚¡ã‚¤
             ãƒ«ã¯ff.jsï¼Œff\_db1.ejsï¼Œff\_db2.ejsï¼Œff\_detail.ejsï¼Œff\_...
You may provide a definition with
\DeclareUnicodeCharacter 


./ff.tex:5: LaTeX Error: Unicode character ãƒ« (U+30EB)
               not set up for use with LaTeX.

See the LaTeX manual or LaTeX Companion for explanation.
Type  H <return>  for immediate help.
 ...                                              
                                                  
l.5 ãƒ•ã‚¡ã‚¤ãƒ«
                ã¯ff.jsï¼Œff\_db1.ejsï¼Œff\_db2.ejsï¼Œff\_detail.ejsï¼Œff\_...
You may provide a definition with
\DeclareUnicodeCharacter 


./ff.tex:5: LaTeX Error: Unicode character ã¯ (U+306F)
               not set up for use with LaTeX.

See the LaTeX manual or LaTeX Companion for explanation.
Type  H <return>  for immediate help.
 ...                                              
                                                  
l.5 ãƒ•ã‚¡ã‚¤ãƒ«ã¯
                   ff.jsï¼Œff\_db1.ejsï¼Œff\_db2.ejsï¼Œff\_detail.ejsï¼Œff\_...
You may provide a definition with
\DeclareUnicodeCharacter 


./ff.tex:5: LaTeX Error: Unicode character ï¼Œ (U+FF0C)
               not set up for use with LaTeX.

See the LaTeX manual or LaTeX Companion for explanation.
Type  H <return>  for immediate help.
 ...                                              
                                                  
l.5 ãƒ•ã‚¡ã‚¤ãƒ«ã¯ff.jsï¼Œ
                           ff\_db1.ejsï¼Œff\_db2.ejsï¼Œff\_detail.ejsï¼Œff\_...
You may provide a definition with
\DeclareUnicodeCharacter 


./ff.tex:5: LaTeX Error: Unicode character ï¼Œ (U+FF0C)
               not set up for use with LaTeX.

See the LaTeX manual or LaTeX Companion for explanation.
Type  H <return>  for immediate help.
 ...                                              
                                                  
l.5 ãƒ•ã‚¡ã‚¤ãƒ«ã¯ff.jsï¼Œff\_db1.ejsï¼Œ
                                         ff\_db2.ejsï¼Œff\_detail.ejsï¼Œff\_...
You may provide a definition with
\DeclareUnicodeCharacter 


./ff.tex:5: LaTeX Error: Unicode character ï¼Œ (U+FF0C)
               not set up for use with LaTeX.

See the LaTeX manual or LaTeX Companion for explanation.
Type  H <return>  for immediate help.
 ...                                              
                                                  
l.5 ...¤ãƒ«ã¯ff.jsï¼Œff\_db1.ejsï¼Œff\_db2.ejsï¼Œ
                                                  ff\_detail.ejsï¼Œff\_edit....
You may provide a definition with
\DeclareUnicodeCharacter 


./ff.tex:5: LaTeX Error: Unicode character ï¼Œ (U+FF0C)
               not set up for use with LaTeX.

See the LaTeX manual or LaTeX Companion for explanation.
Type  H <return>  for immediate help.
 ...                                              
                                                  
l.5 ...\_db1.ejsï¼Œff\_db2.ejsï¼Œff\_detail.ejsï¼Œ
                                                  ff\_edit.ejsï¼Œff\_add.htm...
You may provide a definition with
\DeclareUnicodeCharacter 


./ff.tex:5: LaTeX Error: Unicode character ï¼Œ (U+FF0C)
               not set up for use with LaTeX.

See the LaTeX manual or LaTeX Companion for explanation.
Type  H <return>  for immediate help.
 ...                                              
                                                  
l.5 ..._db2.ejsï¼Œff\_detail.ejsï¼Œff\_edit.ejsï¼Œ
                                                  ff\_add.htmlã®5ã¤ã®ãƒ•ã...
You may provide a definition with
\DeclareUnicodeCharacter 


./ff.tex:5: LaTeX Error: Unicode character ã® (U+306E)
               not set up for use with LaTeX.

See the LaTeX manual or LaTeX Companion for explanation.
Type  H <return>  for immediate help.
 ...                                              
                                                  
l.5 ...detail.ejsï¼Œff\_edit.ejsï¼Œff\_add.htmlã®
                                                  5ã¤ã®ãƒ•ã‚¡ã‚¤ãƒ«ã§æ§‹æ...
You may provide a definition with
\DeclareUnicodeCharacter 


./ff.tex:5: LaTeX Error: Unicode character ã¤ (U+3064)
               not set up for use with LaTeX.

See the LaTeX manual or LaTeX Companion for explanation.
Type  H <return>  for immediate help.
 ...                                              
                                                  
l.5 ...il.ejsï¼Œff\_edit.ejsï¼Œff\_add.htmlã®5ã¤
                                                  ã®ãƒ•ã‚¡ã‚¤ãƒ«ã§æ§‹æˆã...
You may provide a definition with
\DeclareUnicodeCharacter 


./ff.tex:5: LaTeX Error: Unicode character ã® (U+306E)
               not set up for use with LaTeX.

See the LaTeX manual or LaTeX Companion for explanation.
Type  H <return>  for immediate help.
 ...                                              
                                                  
l.5 ...ejsï¼Œff\_edit.ejsï¼Œff\_add.htmlã®5ã¤ã®
                                                  ãƒ•ã‚¡ã‚¤ãƒ«ã§æ§‹æˆã•ã‚...
You may provide a definition with
\DeclareUnicodeCharacter 


./ff.tex:5: LaTeX Error: Unicode character ãƒ• (U+30D5)
               not set up for use with LaTeX.

See the LaTeX manual or LaTeX Companion for explanation.
Type  H <return>  for immediate help.
 ...                                              
                                                  
l.5 ...ï¼Œff\_edit.ejsï¼Œff\_add.htmlã®5ã¤ã®ãƒ•
                                                  ã‚¡ã‚¤ãƒ«ã§æ§‹æˆã•ã‚Œã...
You may provide a definition with
\DeclareUnicodeCharacter 


./ff.tex:5: LaTeX Error: Unicode character ã‚¡ (U+30A1)
               not set up for use with LaTeX.

See the LaTeX manual or LaTeX Companion for explanation.
Type  H <return>  for immediate help.
 ...                                              
                                                  
l.5 ...ff\_edit.ejsï¼Œff\_add.htmlã®5ã¤ã®ãƒ•ã‚¡
                                                  ã‚¤ãƒ«ã§æ§‹æˆã•ã‚Œã¦ã...
You may provide a definition with
\DeclareUnicodeCharacter 


./ff.tex:5: LaTeX Error: Unicode character ã‚¤ (U+30A4)
               not set up for use with LaTeX.

See the LaTeX manual or LaTeX Companion for explanation.
Type  H <return>  for immediate help.
 ...                                              
                                                  
l.5 ..._edit.ejsï¼Œff\_add.htmlã®5ã¤ã®ãƒ•ã‚¡ã‚¤
                                                  ãƒ«ã§æ§‹æˆã•ã‚Œã¦ã„ã‚...
You may provide a definition with
\DeclareUnicodeCharacter 


./ff.tex:5: LaTeX Error: Unicode character ãƒ« (U+30EB)
               not set up for use with LaTeX.

See the LaTeX manual or LaTeX Companion for explanation.
Type  H <return>  for immediate help.
 ...                                              
                                                  
l.5 ...it.ejsï¼Œff\_add.htmlã®5ã¤ã®ãƒ•ã‚¡ã‚¤ãƒ«
                                                  ã§æ§‹æˆã•ã‚Œã¦ã„ã‚‹ï¼
You may provide a definition with
\DeclareUnicodeCharacter 


./ff.tex:5: LaTeX Error: Unicode character ã§ (U+3067)
               not set up for use with LaTeX.

See the LaTeX manual or LaTeX Companion for explanation.
Type  H <return>  for immediate help.
 ...                                              
                                                  
l.5 ...ejsï¼Œff\_add.htmlã®5ã¤ã®ãƒ•ã‚¡ã‚¤ãƒ«ã§
                                                  æ§‹æˆã•ã‚Œã¦ã„ã‚‹ï¼
(That makes 100 errors; please try again.) 
Here is how much of TeX's memory you used:
 4664 strings out of 467748
 69008 string characters out of 5426958
 471500 words of memory out of 5000000
 33329 multiletter control sequences out of 15000+600000
 627817 words of font info for 41 fonts, out of 8000000 for 9000
 1141 hyphenation exceptions out of 8191
 57i,1n,65p,291b,266s stack positions out of 10000i,1000n,20000p,200000b,200000s

./ff.tex:5:  ==> Fatal error occurred, no output PDF file produced!
